# JRE version: Java(TM) SE Runtime Environment (8.0_221-b11) (build 1.8.0_221-b11)
# Java VM: Java HotSpot(TM) 64-Bit Server VM (25.221-b11 mixed mode windows-amd64 compressed oops)
Heap:
 PSYoungGen      total 260608K, used 37961K [0x00000000f0000000, 0x0000000100000000, 0x0000000100000000)
  eden space 259072K, 14% used [0x00000000f0000000,0x00000000f244b758,0x00000000ffd00000)
  from space 1536K, 51% used [0x00000000ffd00000,0x00000000ffdc6e18,0x00000000ffe80000)
  to   space 1536K, 0% used [0x00000000ffe80000,0x00000000ffe80000,0x0000000100000000)
 ParOldGen       total 524288K, used 128618K [0x00000000d0000000, 0x00000000f0000000, 0x00000000f0000000)
  object space 524288K, 24% used [0x00000000d0000000,0x00000000d7d9ab48,0x00000000f0000000)
 Metaspace       used 87814K, capacity 94404K, committed 94632K, reserved 1130496K
  class space    used 11194K, capacity 13229K, committed 13232K, reserved 1048576K
GC Heap History (10 events):
Event: 160444.682 GC heap before
{Heap before GC invocations=892 (full 3):
 PSYoungGen      total 260608K, used 260016K [0x00000000f0000000, 0x0000000100000000, 0x0000000100000000)
  eden space 259072K, 100% used [0x00000000f0000000,0x00000000ffd00000,0x00000000ffd00000)
  from space 1536K, 61% used [0x00000000ffe80000,0x00000000fff6c1c8,0x0000000100000000)
  to   space 1536K, 0% used [0x00000000ffd00000,0x00000000ffd00000,0x00000000ffe80000)
 ParOldGen       total 524288K, used 128578K [0x00000000d0000000, 0x00000000f0000000, 0x00000000f0000000)
  object space 524288K, 24% used [0x00000000d0000000,0x00000000d7d90b48,0x00000000f0000000)
 Metaspace       used 87814K, capacity 94404K, committed 94632K, reserved 1130496K
  class space    used 11194K, capacity 13229K, committed 13232K, reserved 1048576K
Event: 160444.686 GC heap after
Heap after GC invocations=892 (full 3):
 PSYoungGen      total 260608K, used 997K [0x00000000f0000000, 0x0000000100000000, 0x0000000100000000)
  eden space 259072K, 0% used [0x00000000f0000000,0x00000000f0000000,0x00000000ffd00000)
  from space 1536K, 64% used [0x00000000ffd00000,0x00000000ffdf9448,0x00000000ffe80000)
  to   space 1536K, 0% used [0x00000000ffe80000,0x00000000ffe80000,0x0000000100000000)
 ParOldGen       total 524288K, used 128586K [0x00000000d0000000, 0x00000000f0000000, 0x00000000f0000000)
  object space 524288K, 24% used [0x00000000d0000000,0x00000000d7d92b48,0x00000000f0000000)
 Metaspace       used 87814K, capacity 94404K, committed 94632K, reserved 1130496K
  class space    used 11194K, capacity 13229K, committed 13232K, reserved 1048576K
}
Event: 160640.867 GC heap before
{Heap before GC invocations=893 (full 3):
 PSYoungGen      total 260608K, used 260069K [0x00000000f0000000, 0x0000000100000000, 0x0000000100000000)
  eden space 259072K, 100% used [0x00000000f0000000,0x00000000ffd00000,0x00000000ffd00000)
  from space 1536K, 64% used [0x00000000ffd00000,0x00000000ffdf9448,0x00000000ffe80000)
  to   space 1536K, 0% used [0x00000000ffe80000,0x00000000ffe80000,0x0000000100000000)
 ParOldGen       total 524288K, used 128586K [0x00000000d0000000, 0x00000000f0000000, 0x00000000f0000000)
  object space 524288K, 24% used [0x00000000d0000000,0x00000000d7d92b48,0x00000000f0000000)
 Metaspace       used 87814K, capacity 94404K, committed 94632K, reserved 1130496K
  class space    used 11194K, capacity 13229K, committed 13232K, reserved 1048576K
Event: 160640.870 GC heap after
Heap after GC invocations=893 (full 3):
 PSYoungGen      total 260608K, used 912K [0x00000000f0000000, 0x0000000100000000, 0x0000000100000000)
  eden space 259072K, 0% used [0x00000000f0000000,0x00000000f0000000,0x00000000ffd00000)
  from space 1536K, 59% used [0x00000000ffe80000,0x00000000fff641b8,0x0000000100000000)
  to   space 1536K, 0% used [0x00000000ffd00000,0x00000000ffd00000,0x00000000ffe80000)
 ParOldGen       total 524288K, used 128594K [0x00000000d0000000, 0x00000000f0000000, 0x00000000f0000000)
  object space 524288K, 24% used [0x00000000d0000000,0x00000000d7d94b48,0x00000000f0000000)
 Metaspace       used 87814K, capacity 94404K, committed 94632K, reserved 1130496K
  class space    used 11194K, capacity 13229K, committed 13232K, reserved 1048576K
}
Event: 160841.147 GC heap before
{Heap before GC invocations=894 (full 3):
 PSYoungGen      total 260608K, used 259984K [0x00000000f0000000, 0x0000000100000000, 0x0000000100000000)
  eden space 259072K, 100% used [0x00000000f0000000,0x00000000ffd00000,0x00000000ffd00000)
  from space 1536K, 59% used [0x00000000ffe80000,0x00000000fff641b8,0x0000000100000000)
  to   space 1536K, 0% used [0x00000000ffd00000,0x00000000ffd00000,0x00000000ffe80000)
 ParOldGen       total 524288K, used 128594K [0x00000000d0000000, 0x00000000f0000000, 0x00000000f0000000)
  object space 524288K, 24% used [0x00000000d0000000,0x00000000d7d94b48,0x00000000f0000000)
 Metaspace       used 87814K, capacity 94404K, committed 94632K, reserved 1130496K
  class space    used 11194K, capacity 13229K, committed 13232K, reserved 1048576K
Event: 160841.154 GC heap after
Heap after GC invocations=894 (full 3):
 PSYoungGen      total 260608K, used 1047K [0x00000000f0000000, 0x0000000100000000, 0x0000000100000000)
  eden space 259072K, 0% used [0x00000000f0000000,0x00000000f0000000,0x00000000ffd00000)
  from space 1536K, 68% used [0x00000000ffd00000,0x00000000ffe05d08,0x00000000ffe80000)
  to   space 1536K, 0% used [0x00000000ffe80000,0x00000000ffe80000,0x0000000100000000)
 ParOldGen       total 524288K, used 128602K [0x00000000d0000000, 0x00000000f0000000, 0x00000000f0000000)
  object space 524288K, 24% used [0x00000000d0000000,0x00000000d7d96b48,0x00000000f0000000)
 Metaspace       used 87814K, capacity 94404K, committed 94632K, reserved 1130496K
  class space    used 11194K, capacity 13229K, committed 13232K, reserved 1048576K
}
Event: 161039.400 GC heap before
{Heap before GC invocations=895 (full 3):
 PSYoungGen      total 260608K, used 260119K [0x00000000f0000000, 0x0000000100000000, 0x0000000100000000)
  eden space 259072K, 100% used [0x00000000f0000000,0x00000000ffd00000,0x00000000ffd00000)
  from space 1536K, 68% used [0x00000000ffd00000,0x00000000ffe05d08,0x00000000ffe80000)
  to   space 1536K, 0% used [0x00000000ffe80000,0x00000000ffe80000,0x0000000100000000)
 ParOldGen       total 524288K, used 128602K [0x00000000d0000000, 0x00000000f0000000, 0x00000000f0000000)
  object space 524288K, 24% used [0x00000000d0000000,0x00000000d7d96b48,0x00000000f0000000)
 Metaspace       used 87814K, capacity 94404K, committed 94632K, reserved 1130496K
  class space    used 11194K, capacity 13229K, committed 13232K, reserved 1048576K
Event: 161039.407 GC heap after
Heap after GC invocations=895 (full 3):
 PSYoungGen      total 260608K, used 731K [0x00000000f0000000, 0x0000000100000000, 0x0000000100000000)
  eden space 259072K, 0% used [0x00000000f0000000,0x00000000f0000000,0x00000000ffd00000)
  from space 1536K, 47% used [0x00000000ffe80000,0x00000000fff36e18,0x0000000100000000)
  to   space 1536K, 0% used [0x00000000ffd00000,0x00000000ffd00000,0x00000000ffe80000)
 ParOldGen       total 524288K, used 128610K [0x00000000d0000000, 0x00000000f0000000, 0x00000000f0000000)
  object space 524288K, 24% used [0x00000000d0000000,0x00000000d7d98b48,0x00000000f0000000)
 Metaspace       used 87814K, capacity 94404K, committed 94632K, reserved 1130496K
  class space    used 11194K, capacity 13229K, committed 13232K, reserved 1048576K
}
Event: 161244.548 GC heap before
{Heap before GC invocations=896 (full 3):
 PSYoungGen      total 260608K, used 259803K [0x00000000f0000000, 0x0000000100000000, 0x0000000100000000)
  eden space 259072K, 100% used [0x00000000f0000000,0x00000000ffd00000,0x00000000ffd00000)
  from space 1536K, 47% used [0x00000000ffe80000,0x00000000fff36e18,0x0000000100000000)
  to   space 1536K, 0% used [0x00000000ffd00000,0x00000000ffd00000,0x00000000ffe80000)
 ParOldGen       total 524288K, used 128610K [0x00000000d0000000, 0x00000000f0000000, 0x00000000f0000000)
  object space 524288K, 24% used [0x00000000d0000000,0x00000000d7d98b48,0x00000000f0000000)
 Metaspace       used 87814K, capacity 94404K, committed 94632K, reserved 1130496K
  class space    used 11194K, capacity 13229K, committed 13232K, reserved 1048576K
Event: 161244.552 GC heap after
Heap after GC invocations=896 (full 3):
 PSYoungGen      total 260608K, used 795K [0x00000000f0000000, 0x0000000100000000, 0x0000000100000000)
  eden space 259072K, 0% used [0x00000000f0000000,0x00000000f0000000,0x00000000ffd00000)
  from space 1536K, 51% used [0x00000000ffd00000,0x00000000ffdc6e18,0x00000000ffe80000)
  to   space 1536K, 0% used [0x00000000ffe80000,0x00000000ffe80000,0x0000000100000000)
 ParOldGen       total 524288K, used 128618K [0x00000000d0000000, 0x00000000f0000000, 0x00000000f0000000)
  object space 524288K, 24% used [0x00000000d0000000,0x00000000d7d9ab48,0x00000000f0000000)
 Metaspace       used 87814K, capacity 94404K, committed 94632K, reserved 1130496K
  class space    used 11194K, capacity 13229K, committed 13232K, reserved 1048576K
}

